<?xml version="1.0" encoding="UTF-8"?>
<!-- Generated by org.testng.reporters.JUnitReportReporter -->
<testsuite hostname="Vaibhav-HP" failures="0" tests="1" name="testCases.TC_QualificationTest" time="37.002" errors="0" timestamp="2024-10-06T23:46:07 IST" skipped="0">
  <testcase classname="testCases.TC_QualificationTest" name="verifyQualification" time="37.002"/>
</testsuite> <!-- testCases.TC_QualificationTest -->
