<?xml version="1.0" encoding="UTF-8"?>
<!-- Generated by org.testng.reporters.JUnitReportReporter -->
<testsuite hostname="Vaibhav-HP" failures="0" tests="1" name="testCases.TC_GradeTest" time="30.102" errors="0" timestamp="2024-10-14T22:20:30 IST" skipped="0">
  <testcase classname="testCases.TC_GradeTest" name="verifyGrade" time="30.102"/>
</testsuite> <!-- testCases.TC_GradeTest -->
