<?xml version="1.0" encoding="UTF-8"?>
<!-- Generated by org.testng.reporters.JUnitReportReporter -->
<testsuite hostname="Vaibhav-HP" failures="0" tests="1" name="testCases.TC_LoginTest" time="9.117" errors="0" timestamp="2024-09-06T15:29:37 IST" skipped="0">
  <testcase classname="testCases.TC_LoginTest" name="verify_login" time="9.117"/>
</testsuite> <!-- testCases.TC_LoginTest -->
