<?xml version="1.0" encoding="UTF-8"?>
<!-- Generated by org.testng.reporters.JUnitReportReporter -->
<testsuite hostname="EBSPC106" failures="0" tests="1" name="testCases.HRMS.Payroll.TC_LeaveTest" time="38.616" errors="0" timestamp="2024-11-13T17:15:39 IST" skipped="0">
  <testcase classname="testCases.HRMS.Payroll.TC_LeaveTest" name="verifyLeave" time="38.616"/>
</testsuite> <!-- testCases.HRMS.Payroll.TC_LeaveTest -->
