<?xml version="1.0" encoding="UTF-8"?>
<!-- Generated by org.testng.reporters.JUnitReportReporter -->
<testsuite hostname="Vaibhav-HP" failures="0" tests="1" name="testCases.HRMS.Payroll.VariableSalaryTest_Lambok" time="54.327" errors="0" timestamp="2025-05-19T23:57:27 IST" skipped="0">
  <testcase classname="testCases.HRMS.Payroll.VariableSalaryTest_Lambok" name="verifyVariableSalary" time="54.327"/>
</testsuite> <!-- testCases.HRMS.Payroll.VariableSalaryTest_Lambok -->
