<?xml version="1.0" encoding="UTF-8"?>
<!-- Generated by org.testng.reporters.JUnitReportReporter -->
<testsuite hostname="EBSPC106" failures="0" tests="1" name="testCases.HRMS.SelfService.CreateSupportRequestCategoryTest" time="15.180" errors="0" timestamp="2025-07-31T10:30:39 IST" skipped="0">
  <testcase classname="testCases.HRMS.SelfService.CreateSupportRequestCategoryTest" name="createSupportRequestCategory" time="15.180"/>
</testsuite> <!-- testCases.HRMS.SelfService.CreateSupportRequestCategoryTest -->
