<?xml version="1.0" encoding="UTF-8"?>
<!-- Generated by org.testng.reporters.JUnitReportReporter -->
<testsuite hostname="EBSPC106" failures="0" tests="1" name="testCases.HRMS.SelfService.CreateLeaveRequestTest" time="31.377" errors="0" timestamp="2025-06-10T12:59:58 IST" skipped="0">
  <testcase classname="testCases.HRMS.SelfService.CreateLeaveRequestTest" name="createLeaveRequest" time="31.377"/>
</testsuite> <!-- testCases.HRMS.SelfService.CreateLeaveRequestTest -->
