<?xml version="1.0" encoding="UTF-8"?>
<!-- Generated by org.testng.reporters.JUnitReportReporter -->
<testsuite hostname="Vaibhav-HP" failures="0" tests="1" name="testCases.HRMS.SelfService.CreateSupportRequestTest" time="11.808" errors="0" timestamp="2025-08-02T01:15:33 IST" skipped="0">
  <testcase classname="testCases.HRMS.SelfService.CreateSupportRequestTest" name="createSupportRequest" time="11.808"/>
</testsuite> <!-- testCases.HRMS.SelfService.CreateSupportRequestTest -->
