<?xml version="1.0" encoding="UTF-8"?>
<!-- Generated by org.testng.reporters.JUnitReportReporter -->
<testsuite hostname="EBSPC106" failures="0" tests="1" name="testCases.HRMS.Payroll.CreateVariableSalaryTest_Lambok" time="34.128" errors="0" timestamp="2025-05-20T17:23:28 IST" skipped="0">
  <testcase classname="testCases.HRMS.Payroll.CreateVariableSalaryTest_Lambok" name="verifyVariableSalary" time="34.128"/>
</testsuite> <!-- testCases.HRMS.Payroll.CreateVariableSalaryTest_Lambok -->
