<?xml version="1.0" encoding="UTF-8"?>
<!-- Generated by org.testng.reporters.JUnitReportReporter -->
<testsuite hostname="EBSPC106" failures="0" tests="1" name="testCases.HRMS.HRCore.TC_DelegationTest" time="19.447" errors="0" timestamp="2024-12-26T13:38:53 IST" skipped="0">
  <testcase classname="testCases.HRMS.HRCore.TC_DelegationTest" name="verifyDelegation" time="19.447"/>
</testsuite> <!-- testCases.HRMS.HRCore.TC_DelegationTest -->
