<?xml version="1.0" encoding="UTF-8"?>
<!-- Generated by org.testng.reporters.JUnitReportReporter -->
<testsuite hostname="Vaibhav-HP" failures="0" tests="1" name="testCases.HRMS.SelfService.DeleteLeaveRequestTest" time="25.353" errors="0" timestamp="2025-06-07T22:09:07 IST" skipped="0">
  <testcase classname="testCases.HRMS.SelfService.DeleteLeaveRequestTest" name="deleteLeaveRequest" time="25.353"/>
</testsuite> <!-- testCases.HRMS.SelfService.DeleteLeaveRequestTest -->
