<?xml version="1.0" encoding="UTF-8"?>
<!-- Generated by org.testng.reporters.JUnitReportReporter -->
<testsuite hostname="Vaibhav-HP" failures="0" tests="1" name="testCases.TC_CalendarTest" time="16.194" errors="0" timestamp="2024-09-27T17:13:44 IST" skipped="0">
  <testcase classname="testCases.TC_CalendarTest" name="verifyCalendar" time="16.194"/>
</testsuite> <!-- testCases.TC_CalendarTest -->
