<?xml version="1.0" encoding="UTF-8"?>
<!-- Generated by org.testng.reporters.JUnitReportReporter -->
<testsuite hostname="EBSPC106" failures="0" tests="1" name="testCases.HRMS.HRCore.TC_LicensesTest" time="34.666" errors="0" timestamp="2024-11-11T18:01:53 IST" skipped="0">
  <testcase classname="testCases.HRMS.HRCore.TC_LicensesTest" name="verifyLicenses" time="34.666"/>
</testsuite> <!-- testCases.HRMS.HRCore.TC_LicensesTest -->
