<?xml version="1.0" encoding="UTF-8"?>
<!-- Generated by org.testng.reporters.JUnitReportReporter -->
<testsuite hostname="Vaibhav-HP" failures="0" tests="1" name="securityTesting.EnfinitySecurityTest" time="34.194" errors="0" timestamp="2024-11-01T08:24:40 IST" skipped="0">
  <testcase classname="securityTesting.EnfinitySecurityTest" name="testLoginAndSecurityScan" time="34.194"/>
</testsuite> <!-- securityTesting.EnfinitySecurityTest -->
