<?xml version="1.0" encoding="UTF-8"?>
<!-- Generated by org.testng.reporters.JUnitReportReporter -->
<testsuite hostname="EBSPC106" failures="0" tests="1" name="testCases.HRMS.Payroll.TC_LoanTest" time="391.951" errors="0" timestamp="2024-12-12T18:42:16 IST" skipped="0">
  <testcase classname="testCases.HRMS.Payroll.TC_LoanTest" name="verifyLoan" time="391.951"/>
</testsuite> <!-- testCases.HRMS.Payroll.TC_LoanTest -->
