<?xml version="1.0" encoding="UTF-8"?>
<!-- Generated by org.testng.reporters.JUnitReportReporter -->
<testsuite hostname="EBSPC106" failures="0" tests="1" name="testCases.HRMS.HRCore.TC_LicensesTest" time="27.642" errors="0" timestamp="2024-12-26T13:38:53 IST" skipped="0">
  <testcase classname="testCases.HRMS.HRCore.TC_LicensesTest" name="verifyLicenses" time="27.642"/>
</testsuite> <!-- testCases.HRMS.HRCore.TC_LicensesTest -->
