<?xml version="1.0" encoding="UTF-8"?>
<!-- Generated by org.testng.reporters.JUnitReportReporter -->
<testsuite hostname="Vaibhav-HP" failures="0" tests="1" name="testCases.TC_AssetIssueTest" time="83.592" errors="0" timestamp="2024-10-21T22:21:12 IST" skipped="0">
  <testcase classname="testCases.TC_AssetIssueTest" name="verifyAssetIssue" time="83.592"/>
</testsuite> <!-- testCases.TC_AssetIssueTest -->
