<?xml version="1.0" encoding="UTF-8"?>
<!-- Generated by org.testng.reporters.JUnitReportReporter -->
<testsuite hostname="Vaibhav-HP" failures="0" tests="1" name="testCases.HRMS.HRCore.TC_BankTest" time="16.918" errors="0" timestamp="2025-01-30T15:48:22 IST" skipped="0">
  <testcase classname="testCases.HRMS.HRCore.TC_BankTest" name="verifyBank" time="16.918"/>
</testsuite> <!-- testCases.HRMS.HRCore.TC_BankTest -->
