<?xml version="1.0" encoding="UTF-8"?>
<!-- Generated by org.testng.reporters.JUnitReportReporter -->
<testsuite hostname="EBSPC106" failures="0" tests="1" name="testCases.HRMS.Payroll.CreateLeaveEncashmentTest" time="42.642" errors="0" timestamp="2025-06-01T16:19:49 IST" skipped="0">
  <testcase classname="testCases.HRMS.Payroll.CreateLeaveEncashmentTest" name="createLeaveEncashment" time="42.642"/>
</testsuite> <!-- testCases.HRMS.Payroll.CreateLeaveEncashmentTest -->
