<?xml version="1.0" encoding="UTF-8"?>
<!-- Generated by org.testng.reporters.JUnitReportReporter -->
<testsuite hostname="Vaibhav-HP" failures="0" tests="1" name="securityTesting.ZapSeleniumIntegrationTest" time="28.946" errors="0" timestamp="2024-10-31T12:30:37 IST" skipped="0">
  <testcase classname="securityTesting.ZapSeleniumIntegrationTest" name="testLoginAndSecurityScan" time="28.946"/>
</testsuite> <!-- securityTesting.ZapSeleniumIntegrationTest -->
