<?xml version="1.0" encoding="UTF-8"?>
<!-- Generated by org.testng.reporters.JUnitReportReporter -->
<testsuite hostname="Vaibhav-HP" failures="0" tests="2" name="testCases.MySQLDataDrivenTest" time="28.661" errors="0" timestamp="2024-10-06T23:48:25 IST" skipped="0">
  <testcase classname="testCases.MySQLDataDrivenTest" name="testLogin" time="18.741"/>
  <testcase classname="testCases.MySQLDataDrivenTest" name="testLogin" time="9.920"/>
</testsuite> <!-- testCases.MySQLDataDrivenTest -->
