<?xml version="1.0" encoding="UTF-8"?>
<!-- Generated by org.testng.reporters.JUnitReportReporter -->
<testsuite hostname="EBSPC106" failures="0" tests="1" name="testCases.HRMS.Payroll.TC_OvertimeTest" time="62.299" errors="0" timestamp="2024-12-03T16:47:40 IST" skipped="0">
  <testcase classname="testCases.HRMS.Payroll.TC_OvertimeTest" name="verifyOvertime" time="62.299"/>
</testsuite> <!-- testCases.HRMS.Payroll.TC_OvertimeTest -->
