<?xml version="1.0" encoding="UTF-8"?>
<!-- Generated by org.testng.reporters.JUnitReportReporter -->
<testsuite hostname="Vaibhav-HP" failures="0" tests="1" name="testCases.TC_BankTest" time="18.419" errors="0" timestamp="2024-10-11T22:42:27 IST" skipped="0">
  <testcase classname="testCases.TC_BankTest" name="verifyBank" time="18.419"/>
</testsuite> <!-- testCases.TC_BankTest -->
