<?xml version="1.0" encoding="UTF-8"?>
<!-- Generated by org.testng.reporters.JUnitReportReporter -->
<testsuite hostname="Vaibhav-HP" failures="0" tests="1" name="testCases.MySQLDataDrivenTest" time="26.143" errors="0" timestamp="2024-10-19T18:41:05 IST" skipped="0">
  <testcase classname="testCases.MySQLDataDrivenTest" name="testLogin" time="26.143"/>
</testsuite> <!-- testCases.MySQLDataDrivenTest -->
