<?xml version="1.0" encoding="UTF-8"?>
<!-- Generated by org.testng.reporters.JUnitReportReporter -->
<testsuite hostname="Vaibhav-HP" failures="0" tests="1" name="apiTesting.GetData" time="2.524" errors="0" timestamp="2024-10-19T18:41:05 IST" skipped="0">
  <testcase classname="apiTesting.GetData" name="testResponseCode1" time="2.524"/>
</testsuite> <!-- apiTesting.GetData -->
