<?xml version="1.0" encoding="UTF-8"?>
<!-- Generated by org.testng.reporters.JUnitReportReporter -->
<testsuite hostname="Vaibhav-HP" failures="0" tests="1" name="testCases.TC_CalendarTest" time="26.894" errors="0" timestamp="2024-10-14T22:20:30 IST" skipped="0">
  <testcase classname="testCases.TC_CalendarTest" name="verifyCalendar" time="26.894"/>
</testsuite> <!-- testCases.TC_CalendarTest -->
