<?xml version="1.0" encoding="UTF-8"?>
<!-- Generated by org.testng.reporters.JUnitReportReporter -->
<testsuite hostname="Vaibhav-HP" failures="0" tests="1" name="testCases.TC_QualificationTest" time="41.048" errors="0" timestamp="2024-10-14T22:20:30 IST" skipped="0">
  <testcase classname="testCases.TC_QualificationTest" name="verifyQualification" time="41.048"/>
</testsuite> <!-- testCases.TC_QualificationTest -->
