<?xml version="1.0" encoding="UTF-8"?>
<!-- Generated by org.testng.reporters.JUnitReportReporter -->
<testsuite hostname="Vaibhav-HP" failures="0" tests="1" name="testCases.TC_EmployeeTest" time="30.901" errors="0" timestamp="2024-10-20T22:45:52 IST" skipped="0">
  <testcase classname="testCases.TC_EmployeeTest" name="verifyEmpCreation" time="30.901"/>
</testsuite> <!-- testCases.TC_EmployeeTest -->
