<?xml version="1.0" encoding="UTF-8"?>
<!-- Generated by org.testng.reporters.JUnitReportReporter -->
<testsuite hostname="EBSPC106" failures="0" tests="1" name="testCases.HRMS.Payroll.TC_LoanTest" time="30.544" errors="0" timestamp="2024-12-16T18:37:11 IST" skipped="0">
  <testcase classname="testCases.HRMS.Payroll.TC_LoanTest" name="verifyLoan" time="30.544"/>
</testsuite> <!-- testCases.HRMS.Payroll.TC_LoanTest -->
