<?xml version="1.0" encoding="UTF-8"?>
<!-- Generated by org.testng.reporters.JUnitReportReporter -->
<testsuite hostname="Vaibhav-HP" failures="0" tests="1" name="testCases.MySQL_EmployeeTest" time="42.095" errors="0" timestamp="2024-10-12T21:09:04 IST" skipped="0">
  <testcase classname="testCases.MySQL_EmployeeTest" name="verifyEmpCreation" time="42.095"/>
</testsuite> <!-- testCases.MySQL_EmployeeTest -->
