<?xml version="1.0" encoding="UTF-8"?>
<!-- Generated by org.testng.reporters.JUnitReportReporter -->
<testsuite hostname="Vaibhav-HP" failures="0" tests="1" name="testCases.TC_DocumentTypeTest" time="20.906" errors="0" timestamp="2024-10-07T23:39:40 IST" skipped="0">
  <testcase classname="testCases.TC_DocumentTypeTest" name="verifyDocType" time="20.906"/>
</testsuite> <!-- testCases.TC_DocumentTypeTest -->
