<?xml version="1.0" encoding="UTF-8"?>
<!-- Generated by org.testng.reporters.JUnitReportReporter -->
<testsuite hostname="EBSPC106" failures="0" tests="1" name="testCases.HRMS.Payroll.DeleteBenefitEncashmentTest" time="31.961" errors="0" timestamp="2025-06-03T18:35:43 IST" skipped="0">
  <testcase classname="testCases.HRMS.Payroll.DeleteBenefitEncashmentTest" name="deleteBenefitEncashment" time="31.961"/>
</testsuite> <!-- testCases.HRMS.Payroll.DeleteBenefitEncashmentTest -->
