<?xml version="1.0" encoding="UTF-8"?>
<!-- Generated by org.testng.reporters.JUnitReportReporter -->
<testsuite hostname="Vaibhav-HP" failures="0" tests="1" name="testCases.TC_AssetIssueTest" time="34.612" errors="0" timestamp="2024-11-01T22:20:49 IST" skipped="0">
  <testcase classname="testCases.TC_AssetIssueTest" name="verifyAssetIssue" time="34.612"/>
</testsuite> <!-- testCases.TC_AssetIssueTest -->
