<?xml version="1.0" encoding="UTF-8"?>
<!-- Generated by org.testng.reporters.JUnitReportReporter -->
<testsuite hostname="EBSPC106" failures="0" tests="1" name="testCases.HRMS.SelfService.CreateLoanRequestTest" time="25.164" errors="0" timestamp="2025-06-10T12:37:43 IST" skipped="0">
  <testcase classname="testCases.HRMS.SelfService.CreateLoanRequestTest" name="createLoanRequest" time="25.164"/>
</testsuite> <!-- testCases.HRMS.SelfService.CreateLoanRequestTest -->
