<?xml version="1.0" encoding="UTF-8"?>
<!-- Generated by org.testng.reporters.JUnitReportReporter -->
<testsuite hostname="Vaibhav-HP" failures="0" tests="1" name="testCases.HRMS.HRCore.TC_DeptTest" time="27.228" errors="0" timestamp="2025-01-21T22:34:07 IST" skipped="0">
  <testcase classname="testCases.HRMS.HRCore.TC_DeptTest" name="verifyDept" time="27.228"/>
</testsuite> <!-- testCases.HRMS.HRCore.TC_DeptTest -->
