<?xml version="1.0" encoding="UTF-8"?>
<!-- Generated by org.testng.reporters.JUnitReportReporter -->
<testsuite hostname="Vaibhav-HP" failures="0" tests="2" name="testCases.MySQLDataDrivenTest" time="73.137" errors="0" timestamp="2024-09-30T00:02:02 IST" skipped="0">
  <testcase classname="testCases.MySQLDataDrivenTest" name="testLogin" time="63.808"/>
  <testcase classname="testCases.MySQLDataDrivenTest" name="testLogin" time="9.329"/>
</testsuite> <!-- testCases.MySQLDataDrivenTest -->
