<?xml version="1.0" encoding="UTF-8"?>
<!-- Generated by org.testng.reporters.JUnitReportReporter -->
<testsuite hostname="Vaibhav-HP" failures="0" tests="1" name="testCases.HRMS.Payroll.CreateLeaveOpeningBalanceTest" time="57.842" errors="0" timestamp="2025-06-07T22:09:07 IST" skipped="0">
  <testcase classname="testCases.HRMS.Payroll.CreateLeaveOpeningBalanceTest" name="createLeaveOpeningBalance" time="57.842"/>
</testsuite> <!-- testCases.HRMS.Payroll.CreateLeaveOpeningBalanceTest -->
