<?xml version="1.0" encoding="UTF-8"?>
<!-- Generated by org.testng.reporters.JUnitReportReporter -->
<testsuite hostname="Vaibhav-HP" failures="0" tests="1" name="testCases.TC_BudgetTest" time="16.868" errors="0" timestamp="2024-10-11T13:04:09 IST" skipped="0">
  <testcase classname="testCases.TC_BudgetTest" name="verifyBudget" time="16.868"/>
</testsuite> <!-- testCases.TC_BudgetTest -->
