<?xml version="1.0" encoding="UTF-8"?>
<!-- Generated by org.testng.reporters.JUnitReportReporter -->
<testsuite hostname="EBSPC106" failures="0" tests="1" name="testCases.HRMS.SelfService.DeleteSupportReqCategoryTest" time="18.052" errors="0" timestamp="2025-07-31T10:30:39 IST" skipped="0">
  <testcase classname="testCases.HRMS.SelfService.DeleteSupportReqCategoryTest" name="deleteSupportReqCategory" time="18.052"/>
</testsuite> <!-- testCases.HRMS.SelfService.DeleteSupportReqCategoryTest -->
