<?xml version="1.0" encoding="UTF-8"?>
<!-- Generated by org.testng.reporters.JUnitReportReporter -->
<testsuite hostname="EBSPC106" failures="0" tests="1" name="testCases.HRMS.Payroll.LeaveAdjustmentTest" time="86.120" errors="0" timestamp="2025-05-28T17:33:37 IST" skipped="0">
  <testcase classname="testCases.HRMS.Payroll.LeaveAdjustmentTest" name="createLeaveAdjustment" time="86.120"/>
</testsuite> <!-- testCases.HRMS.Payroll.LeaveAdjustmentTest -->
