<?xml version="1.0" encoding="UTF-8"?>
<!-- Generated by org.testng.reporters.JUnitReportReporter -->
<testsuite hostname="Vaibhav-HP" failures="0" tests="1" name="testCases.HRMS.Payroll.DeleteLeaveAdjustmentTest" time="47.244" errors="0" timestamp="2025-05-30T19:23:57 IST" skipped="0">
  <testcase classname="testCases.HRMS.Payroll.DeleteLeaveAdjustmentTest" name="deleteLeaveAdjustment" time="47.244"/>
</testsuite> <!-- testCases.HRMS.Payroll.DeleteLeaveAdjustmentTest -->
