<?xml version="1.0" encoding="UTF-8"?>
<!-- Generated by org.testng.reporters.JUnitReportReporter -->
<testsuite hostname="EBSPC106" failures="0" tests="1" name="testCases.HRMS.Payroll.DeletePromotionTest" time="25.111" errors="0" timestamp="2025-07-31T12:34:15 IST" skipped="0">
  <testcase classname="testCases.HRMS.Payroll.DeletePromotionTest" name="deletePromotion" time="25.111"/>
</testsuite> <!-- testCases.HRMS.Payroll.DeletePromotionTest -->
