<?xml version="1.0" encoding="UTF-8"?>
<!-- Generated by org.testng.reporters.JUnitReportReporter -->
<testsuite hostname="Vaibhav-HP" failures="0" tests="1" name="testCases.HRMS.SelfService.CreateLeaveRequestTest" time="35.285" errors="0" timestamp="2025-06-07T22:09:07 IST" skipped="0">
  <testcase classname="testCases.HRMS.SelfService.CreateLeaveRequestTest" name="createLeaveRequest" time="35.285"/>
</testsuite> <!-- testCases.HRMS.SelfService.CreateLeaveRequestTest -->
