<?xml version="1.0" encoding="UTF-8"?>
<!-- Generated by org.testng.reporters.JUnitReportReporter -->
<testsuite hostname="EBSPC106" failures="0" tests="1" name="testCases.HRMS.SelfService.CreateSupportRequestTest" time="15.480" errors="0" timestamp="2025-06-10T16:47:46 IST" skipped="0">
  <testcase classname="testCases.HRMS.SelfService.CreateSupportRequestTest" name="createSupportRequest" time="15.480"/>
</testsuite> <!-- testCases.HRMS.SelfService.CreateSupportRequestTest -->
