<?xml version="1.0" encoding="UTF-8"?>
<!-- Generated by org.testng.reporters.JUnitReportReporter -->
<testsuite hostname="Vaibhav-HP" failures="0" tests="1" name="testCases.TC_LicensesTest" time="27.342" errors="0" timestamp="2024-10-31T07:48:50 IST" skipped="0">
  <testcase classname="testCases.TC_LicensesTest" name="verifyLicenses" time="27.342"/>
</testsuite> <!-- testCases.TC_LicensesTest -->
