<?xml version="1.0" encoding="UTF-8"?>
<!-- Generated by org.testng.reporters.JUnitReportReporter -->
<testsuite hostname="Vaibhav-HP" failures="0" tests="1" name="testCases.TC_DesignationTest" time="20.593" errors="0" timestamp="2024-10-23T23:13:23 IST" skipped="0">
  <testcase classname="testCases.TC_DesignationTest" name="verifyDesignation" time="20.593"/>
</testsuite> <!-- testCases.TC_DesignationTest -->
