<?xml version="1.0" encoding="UTF-8"?>
<!-- Generated by org.testng.reporters.JUnitReportReporter -->
<testsuite hostname="Vaibhav-HP" failures="0" tests="1" name="testCases.TC_LicensesTest" time="29.429" errors="0" timestamp="2024-11-01T08:18:05 IST" skipped="0">
  <testcase classname="testCases.TC_LicensesTest" name="verifyLicenses" time="29.429"/>
</testsuite> <!-- testCases.TC_LicensesTest -->
