<?xml version="1.0" encoding="UTF-8"?>
<!-- Generated by org.testng.reporters.JUnitReportReporter -->
<testsuite hostname="EBSPC106" failures="0" tests="1" name="testCases.HRMS.Payroll.TC_TicketAdjustmentTest" time="23.280" errors="0" timestamp="2024-12-01T18:59:54 IST" skipped="0">
  <testcase classname="testCases.HRMS.Payroll.TC_TicketAdjustmentTest" name="verifyTicketAdjustment" time="23.280"/>
</testsuite> <!-- testCases.HRMS.Payroll.TC_TicketAdjustmentTest -->
