<?xml version="1.0" encoding="UTF-8"?>
<!-- Generated by org.testng.reporters.JUnitReportReporter -->
<testsuite hostname="EBSPC106" failures="0" tests="1" name="testCases.HRMS.Payroll.TicketEncashmentTest" time="27.019"
           errors="0" timestamp="2025-06-10T19:03:25 IST" skipped="0">
    <testcase classname="testCases.HRMS.Payroll.TicketEncashmentTest" name="createTicketEncashment" time="27.019"/>
</testsuite> <!-- testCases.HRMS.Payroll.TicketEncashmentTest -->