<?xml version="1.0" encoding="UTF-8"?>
<!-- Generated by org.testng.reporters.JUnitReportReporter -->
<testsuite hostname="Vaibhav-HP" failures="0" tests="1" name="testCases.TC_DelegationTest" time="28.358" errors="0" timestamp="2024-10-15T23:16:19 IST" skipped="0">
  <testcase classname="testCases.TC_DelegationTest" name="verifyDelegation" time="28.358"/>
</testsuite> <!-- testCases.TC_DelegationTest -->
