<?xml version="1.0" encoding="UTF-8"?>
<!-- Generated by org.testng.reporters.JUnitReportReporter -->
<testsuite hostname="EBSPC106" failures="0" tests="1" name="testCases.HRMS.Payroll.TC_BenefitEncashmentTest" time="34.675" errors="0" timestamp="2024-11-24T15:39:35 IST" skipped="0">
  <testcase classname="testCases.HRMS.Payroll.TC_BenefitEncashmentTest" name="verifyBenefitEncashment" time="34.675"/>
</testsuite> <!-- testCases.HRMS.Payroll.TC_BenefitEncashmentTest -->
