<?xml version="1.0" encoding="UTF-8"?>
<!-- Generated by org.testng.reporters.JUnitReportReporter -->
<testsuite hostname="EBSPC106" failures="0" tests="1" name="testCases.HRMS.Payroll.CreateVariableSalaryTest_Lambok" time="38.542" errors="0" timestamp="2025-05-25T17:35:22 IST" skipped="0">
  <testcase classname="testCases.HRMS.Payroll.CreateVariableSalaryTest_Lambok" name="verifyVariableSalary" time="38.542"/>
</testsuite> <!-- testCases.HRMS.Payroll.CreateVariableSalaryTest_Lambok -->
