<?xml version="1.0" encoding="UTF-8"?>
<!-- Generated by org.testng.reporters.JUnitReportReporter -->
<testsuite hostname="Vaibhav-HP" failures="0" tests="1" name="testCases.TC_DeptTest" time="22.737" errors="0" timestamp="2024-09-28T09:52:09 IST" skipped="0">
  <testcase classname="testCases.TC_DeptTest" name="verifyDept" time="22.737"/>
</testsuite> <!-- testCases.TC_DeptTest -->
