<?xml version="1.0" encoding="UTF-8"?>
<!-- Generated by org.testng.reporters.JUnitReportReporter -->
<testsuite hostname="Vaibhav-HP" failures="0" tests="1" name="testCases.HRMS.HRCore.TC_WorkLocationTest" time="26.775" errors="0" timestamp="2025-01-30T15:48:22 IST" skipped="0">
  <testcase classname="testCases.HRMS.HRCore.TC_WorkLocationTest" name="verifyWorkLocation" time="26.775"/>
</testsuite> <!-- testCases.HRMS.HRCore.TC_WorkLocationTest -->
