<?xml version="1.0" encoding="UTF-8"?>
<!-- Generated by org.testng.reporters.JUnitReportReporter -->
<testsuite hostname="EBSPC106" failures="0" tests="1" name="testCases.HRMS.Payroll.DeleteVariableSalaryTest" time="32.374" errors="0" timestamp="2025-06-05T17:48:33 IST" skipped="0">
  <testcase classname="testCases.HRMS.Payroll.DeleteVariableSalaryTest" name="deleteVariableSalary" time="32.374"/>
</testsuite> <!-- testCases.HRMS.Payroll.DeleteVariableSalaryTest -->
