<?xml version="1.0" encoding="UTF-8"?>
<!-- Generated by org.testng.reporters.JUnitReportReporter -->
<testsuite hostname="EBSPC106" failures="0" tests="1" name="testCases.HRMS.SelfService.DeleteLoanRequestTest" time="21.935" errors="0" timestamp="2025-06-10T12:45:53 IST" skipped="0">
  <testcase classname="testCases.HRMS.SelfService.DeleteLoanRequestTest" name="deleteLoanRequest" time="21.935"/>
</testsuite> <!-- testCases.HRMS.SelfService.DeleteLoanRequestTest -->
