<?xml version="1.0" encoding="UTF-8"?>
<!-- Generated by org.testng.reporters.JUnitReportReporter -->
<testsuite hostname="EBSPC106" failures="0" tests="1" name="testCases.HRMS.Payroll.CreateLeaveOpeningBalanceTest" time="83.521" errors="0" timestamp="2025-06-10T14:00:25 IST" skipped="0">
  <testcase classname="testCases.HRMS.Payroll.CreateLeaveOpeningBalanceTest" name="createLeaveOpeningBalance" time="83.521"/>
</testsuite> <!-- testCases.HRMS.Payroll.CreateLeaveOpeningBalanceTest -->
