<?xml version="1.0" encoding="UTF-8"?>
<!-- Generated by org.testng.reporters.JUnitReportReporter -->
<testsuite hostname="EBSPC106" failures="0" tests="1" name="testCases.HRMS.Payroll.TC_LeaveEncashmentTest" time="45.389" errors="0" timestamp="2024-11-18T18:50:26 IST" skipped="0">
  <testcase classname="testCases.HRMS.Payroll.TC_LeaveEncashmentTest" name="verifyLeaveEncashment" time="45.389"/>
</testsuite> <!-- testCases.HRMS.Payroll.TC_LeaveEncashmentTest -->
