<?xml version="1.0" encoding="UTF-8"?>
<!-- Generated by org.testng.reporters.JUnitReportReporter -->
<testsuite hostname="EBSPC106" failures="0" tests="1" name="testCases.HRMS.Payroll.DeleteVariableSalaryTest" time="31.313" errors="0" timestamp="2025-05-25T17:35:22 IST" skipped="0">
  <testcase classname="testCases.HRMS.Payroll.DeleteVariableSalaryTest" name="deleteVariableSalary" time="31.313"/>
</testsuite> <!-- testCases.HRMS.Payroll.DeleteVariableSalaryTest -->
