<?xml version="1.0" encoding="UTF-8"?>
<!-- Generated by org.testng.reporters.JUnitReportReporter -->
<testsuite hostname="EBSPC106" failures="0" tests="1" name="testCases.HRMS.SelfService.DeleteSupportRequestTest" time="23.322" errors="0" timestamp="2025-06-10T16:47:46 IST" skipped="0">
  <testcase classname="testCases.HRMS.SelfService.DeleteSupportRequestTest" name="deleteITSupportRequest" time="23.322"/>
</testsuite> <!-- testCases.HRMS.SelfService.DeleteSupportRequestTest -->
