<?xml version="1.0" encoding="UTF-8"?>
<!-- Generated by org.testng.reporters.JUnitReportReporter -->
<testsuite hostname="Vaibhav-HP" failures="0" tests="1" name="testCases.MySQL_EmployeeTest" time="41.120" errors="0" timestamp="2024-10-14T22:20:30 IST" skipped="0">
  <testcase classname="testCases.MySQL_EmployeeTest" name="verifyEmpCreation" time="41.120"/>
</testsuite> <!-- testCases.MySQL_EmployeeTest -->
