<?xml version="1.0" encoding="UTF-8"?>
<!-- Generated by org.testng.reporters.JUnitReportReporter -->
<testsuite hostname="Vaibhav-HP" failures="0" tests="1" name="testCases.TC_DesignationTest" time="35.328" errors="0" timestamp="2024-10-14T22:20:30 IST" skipped="0">
  <testcase classname="testCases.TC_DesignationTest" name="verifyDesignation" time="35.328"/>
</testsuite> <!-- testCases.TC_DesignationTest -->
