<?xml version="1.0" encoding="UTF-8"?>
<!-- Generated by org.testng.reporters.JUnitReportReporter -->
<testsuite hostname="EBSPC106" failures="0" tests="1" name="testCases.HRMS.Payroll.TC_TicketEncashmentTest" time="28.291" errors="0" timestamp="2024-11-28T18:03:30 IST" skipped="0">
  <testcase classname="testCases.HRMS.Payroll.TC_TicketEncashmentTest" name="verifyTicketEncashment" time="28.291"/>
</testsuite> <!-- testCases.HRMS.Payroll.TC_TicketEncashmentTest -->
