<?xml version="1.0" encoding="UTF-8"?>
<!-- Generated by org.testng.reporters.JUnitReportReporter -->
<testsuite hostname="EBSPC106" failures="0" tests="1" name="testCases.HRMS.Payroll.TC_IndemnityAdjustmentTest" time="45.902" errors="0" timestamp="2024-11-20T17:52:31 IST" skipped="0">
  <testcase classname="testCases.HRMS.Payroll.TC_IndemnityAdjustmentTest" name="verifyIndemnityAdjustment" time="45.902"/>
</testsuite> <!-- testCases.HRMS.Payroll.TC_IndemnityAdjustmentTest -->
