<?xml version="1.0" encoding="UTF-8"?>
<!-- Generated by org.testng.reporters.JUnitReportReporter -->
<testsuite hostname="Vaibhav-HP" failures="0" tests="1" name="securityTesting.EnfinitySecurityTest" time="27.436" errors="0" timestamp="2024-10-31T21:51:28 IST" skipped="0">
  <testcase classname="securityTesting.EnfinitySecurityTest" name="testLoginAndSecurityScan" time="27.436"/>
</testsuite> <!-- securityTesting.EnfinitySecurityTest -->
