<?xml version="1.0" encoding="UTF-8"?>
<!-- Generated by org.testng.reporters.JUnitReportReporter -->
<testsuite hostname="EBSPC106" failures="0" tests="1" name="testCases.HRMS.Payroll.CreatePromotionTest" time="25.731" errors="0" timestamp="2025-07-31T12:34:15 IST" skipped="0">
  <testcase classname="testCases.HRMS.Payroll.CreatePromotionTest" name="createPromotion" time="25.731"/>
</testsuite> <!-- testCases.HRMS.Payroll.CreatePromotionTest -->
