<?xml version="1.0" encoding="UTF-8"?>
<!-- Generated by org.testng.reporters.JUnitReportReporter -->
<testsuite hostname="Vaibhav-HP" failures="0" tests="1" name="testCases.HRMS.HRCore.TC_DesignationTest" time="16.382" errors="0" timestamp="2025-01-30T15:48:22 IST" skipped="0">
  <testcase classname="testCases.HRMS.HRCore.TC_DesignationTest" name="verifyDesignation" time="16.382"/>
</testsuite> <!-- testCases.HRMS.HRCore.TC_DesignationTest -->
